Initialized native services in: /home/kang/.gradle/native
Initialized jansi services in: /home/kang/.gradle/native
Found daemon DaemonInfo{pid=24730, address=[f6041cd9-0d67-4543-a782-62c6b11a711f port:39097, addresses:[/127.0.0.1]], state=Idle, lastBusy=1771855537144, context=DefaultDaemonContext[uid=3b777644-f836-49fe-b7d4-b0bed2595c63,javaHome=/usr/lib/jvm/java-21-openjdk-amd64,javaVersion=21,javaVendor=Ubuntu,daemonRegistryDir=/home/kang/.gradle/daemon,pid=24730,idleTimeout=10800000,priority=NORMAL,applyInstrumentationAgent=true,nativeServicesMode=ENABLED,daemonOpts=-XX:MaxMetaspaceSize=384m,-XX:+HeapDumpOnOutOfMemoryError,-Xms256m,-Xmx512m,-Dfile.encoding=UTF-8,-Duser.country,-Duser.language=en,-Duser.variant]} however its context does not match the desired criteria.
JVM is incompatible.
Wanted: DaemonRequestContext{jvmCriteria=/usr/lib/jvm/java-25-openjdk-amd64 (no JDK specified, using current Java home), daemonOpts=[-XX:MaxMetaspaceSize=384m, -XX:+HeapDumpOnOutOfMemoryError, -Xms256m, -Xmx512m, -Dfile.encoding=UTF-8, -Duser.country, -Duser.language=en, -Duser.variant], applyInstrumentationAgent=true, nativeServicesMode=ENABLED, priority=NORMAL}
Actual: DefaultDaemonContext[uid=3b777644-f836-49fe-b7d4-b0bed2595c63,javaHome=/usr/lib/jvm/java-21-openjdk-amd64,javaVersion=21,javaVendor=Ubuntu,daemonRegistryDir=/home/kang/.gradle/daemon,pid=24730,idleTimeout=10800000,priority=NORMAL,applyInstrumentationAgent=true,nativeServicesMode=ENABLED,daemonOpts=-XX:MaxMetaspaceSize=384m,-XX:+HeapDumpOnOutOfMemoryError,-Xms256m,-Xmx512m,-Dfile.encoding=UTF-8,-Duser.country,-Duser.language=en,-Duser.variant]

  Looking for a different daemon...
The client will now receive all logging from the daemon (pid: 169984). The daemon log file: /home/kang/.gradle/daemon/9.2.1/daemon-169984.out.log
Starting 6th build in daemon [uptime: 8 mins 37.733 secs, performance: 100%, GC rate: 0.00/s, heap usage: 0% of 512 MiB, non-heap usage: 15% of 384 MiB]
Using 8 worker leases.
Operational build model parameters: {requiresToolingModels=false, parallelProjectExecution=false, configureOnDemand=false, configurationCache=false, configurationCacheParallelStore=false, configurationCacheParallelLoad=true, isolatedProjects=false, parallelProjectConfiguration=false, intermediateModelCache=false, parallelToolingApiActions=false, invalidateCoupledProjects=false, modelAsProjectDependency=false, resilientModelBuilding=false}
Now considering [/home/kang/workspace/ncafeproject/backend] as hierarchies to watch
Watching the file system is configured to be enabled if available
File system watching is active
Starting Build
Settings evaluated using settings file '/home/kang/workspace/ncafeproject/backend/settings.gradle'.
Projects loaded. Root project using build file '/home/kang/workspace/ncafeproject/backend/build.gradle'.
Included projects: [root project 'backend']

> Configure project :
Evaluating root project 'backend' using build file '/home/kang/workspace/ncafeproject/backend/build.gradle'.
Resolved plugin [id: 'java']
Resolved plugin [id: 'org.springframework.boot', version: '4.0.1']
Resolved plugin [id: 'io.spring.dependency-management', version: '1.1.7']
Applying dependency management to configuration 'annotationProcessor' in project 'backend'
Applying dependency management to configuration 'apiElements' in project 'backend'
Applying dependency management to configuration 'archives' in project 'backend'
Applying dependency management to configuration 'bootArchives' in project 'backend'
Applying dependency management to configuration 'compileClasspath' in project 'backend'
Applying dependency management to configuration 'compileOnly' in project 'backend'
Applying dependency management to configuration 'default' in project 'backend'
Applying dependency management to configuration 'developmentOnly' in project 'backend'
Applying dependency management to configuration 'implementation' in project 'backend'
Applying dependency management to configuration 'mainSourceElements' in project 'backend'
Applying dependency management to configuration 'productionRuntimeClasspath' in project 'backend'
Applying dependency management to configuration 'runtimeClasspath' in project 'backend'
Applying dependency management to configuration 'runtimeElements' in project 'backend'
Applying dependency management to configuration 'runtimeOnly' in project 'backend'
Applying dependency management to configuration 'testAndDevelopmentOnly' in project 'backend'
Applying dependency management to configuration 'testAnnotationProcessor' in project 'backend'
Applying dependency management to configuration 'testCompileClasspath' in project 'backend'
Applying dependency management to configuration 'testCompileOnly' in project 'backend'
Applying dependency management to configuration 'testImplementation' in project 'backend'
Applying dependency management to configuration 'testResultsElementsForTest' in project 'backend'
Applying dependency management to configuration 'testRuntimeClasspath' in project 'backend'
Applying dependency management to configuration 'testRuntimeOnly' in project 'backend'
All projects evaluated.
Task name matched 'bootRun'
Selected primary task 'bootRun' from project :
Path for java installation '/usr/lib/jvm/openjdk-25' (Common Linux Locations) auto-detected does not contain a java executable
Path for java installation '/usr/lib/jvm/openjdk-21' (Common Linux Locations) auto-detected does not contain a java executable
Resolving global dependency management for project 'backend'
Excluding []
Excluding []
Excluding []
Excluding []
Excluding []
Tasks to be executed: [task ':compileJava', task ':processResources', task ':classes', task ':resolveMainClassName', task ':bootRun']
Tasks that were excluded: []
Resolve mutations for :compileJava (Thread[#714,Execution worker,5,main]) started.
:compileJava (Thread[#714,Execution worker,5,main]) started.

> Task :compileJava UP-TO-DATE
Custom actions are attached to task ':compileJava'.
Caching disabled for task ':compileJava' because:
  Build cache is disabled
Skipping task ':compileJava' as it is up-to-date.
Resolve mutations for :processResources (Thread[#715,Execution worker Thread 2,5,main]) started.
:processResources (Thread[#715,Execution worker Thread 2,5,main]) started.

> Task :processResources UP-TO-DATE
Caching disabled for task ':processResources' because:
  Build cache is disabled
  Not worth caching
Skipping task ':processResources' as it is up-to-date.
Resolve mutations for :classes (Thread[#715,Execution worker Thread 2,5,main]) started.
:classes (Thread[#715,Execution worker Thread 2,5,main]) started.

> Task :classes UP-TO-DATE
Skipping task ':classes' as it has no actions.
Resolve mutations for :resolveMainClassName (Thread[#717,Execution worker Thread 4,5,main]) started.
:resolveMainClassName (Thread[#717,Execution worker Thread 4,5,main]) started.

> Task :resolveMainClassName UP-TO-DATE
Caching disabled for task ':resolveMainClassName' because:
  Build cache is disabled
  Not worth caching
Skipping task ':resolveMainClassName' as it is up-to-date.
Resolve mutations for :bootRun (Thread[#717,Execution worker Thread 4,5,main]) started.
:bootRun (Thread[#717,Execution worker Thread 4,5,main]) started.

> Task :bootRun
Caching disabled for task ':bootRun' because:
  Build cache is disabled
Task ':bootRun' is not up-to-date because:
  Task has not declared any outputs despite executing actions.
Starting process 'command '/usr/lib/jvm/java-21-openjdk-amd64/bin/java''. Working directory: /home/kang/workspace/ncafeproject/backend Command: /usr/lib/jvm/java-21-openjdk-amd64/bin/java -XX:TieredStopAtLevel=1 -Dfile.encoding=UTF-8 -Duser.country -Duser.language=en -Duser.variant -cp /home/kang/workspace/ncafeproject/backend/build/classes/java/main:/home/kang/workspace/ncafeproject/backend/build/resources/main:/home/kang/.gradle/caches/modules-2/files-2.1/org.springframework.boot/spring-boot-devtools/4.0.1/865dadcd795e7341ebb11e862bcceb636eb8e02f/spring-boot-devtools-4.0.1.jar:/home/kang/.gradle/caches/modules-2/files-2.1/me.paulschwarz/spring-dotenv/5.0.1/bb35c04d6d32b9e2ebb1ea0c94bae27323df31c5/spring-dotenv-5.0.1.jar:/home/kang/.gradle/caches/modules-2/files-2.1/org.postgresql/postgresql/42.7.8/81b840fbfe0a6c0b7aa14c6bd4856108d36ed780/postgresql-42.7.8.jar:/home/kang/.gradle/caches/modules-2/files-2.1/org.springframework.boot/spring-boot-autoconfigure/4.0.1/808c34d74bbad5802bac8ce687424da4da93bb08/spring-boot-autoconfigure-4.0.1.jar:/home/kang/.gradle/caches/modules-2/files-2.1/org.springframework.boot/spring-boot-webmvc/4.0.1/4635bb0220cba3d95ab0b0883b5b1460f59bb31d/spring-boot-webmvc-4.0.1.jar:/home/kang/.gradle/caches/modules-2/files-2.1/org.springframework.boot/spring-boot-http-converter/4.0.1/ff2953160f2bffc4c888067300f9bf367ae55f26/spring-boot-http-converter-4.0.1.jar:/home/kang/.gradle/caches/modules-2/files-2.1/org.springframework.boot/spring-boot-data-jpa/4.0.1/dcb255525d1af569bc3d1b73b7ab2e90304fb8fc/spring-boot-data-jpa-4.0.1.jar:/home/kang/.gradle/caches/modules-2/files-2.1/org.springframework.boot/spring-boot-hibernate/4.0.1/ae2c71638a6ec7893efb6e9b7fd83413fb418707/spring-boot-hibernate-4.0.1.jar:/home/kang/.gradle/caches/modules-2/files-2.1/org.springframework.boot/spring-boot-jpa/4.0.1/b4160f016ce4237cef1f607019c63052b0354ffe/spring-boot-jpa-4.0.1.jar:/home/kang/.gradle/caches/modules-2/files-2.1/org.springframework.boot/spring-boot-jdbc/4.0.1/662bf050fb0f5ed32f33c8e0f52df803f623e112/spring-boot-jdbc-4.0.1.jar:/home/kang/.gradle/caches/modules-2/files-2.1/org.springframework.boot/spring-boot-validation/4.0.1/51922ef1ef8049c95e2749d2a11bcb60d59c3ecf/spring-boot-validation-4.0.1.jar:/home/kang/.gradle/caches/modules-2/files-2.1/org.springframework.boot/spring-boot-security/4.0.1/9e406a65f41f9b4d94a7373aa3743c8178f9a226/spring-boot-security-4.0.1.jar:/home/kang/.gradle/caches/modules-2/files-2.1/org.springframework.boot/spring-boot-jackson/4.0.1/245c1e71474e903bb06b6fffc018c4b2d98738c4/spring-boot-jackson-4.0.1.jar:/home/kang/.gradle/caches/modules-2/files-2.1/org.springframework.boot/spring-boot-servlet/4.0.1/3dcddba717a9deb204925f41f8e596bba07f417f/spring-boot-servlet-4.0.1.jar:/home/kang/.gradle/caches/modules-2/files-2.1/org.springframework.boot/spring-boot-sql/4.0.1/222c9c9902f52b41c0d90d0d2219427dc0001098/spring-boot-sql-4.0.1.jar:/home/kang/.gradle/caches/modules-2/files-2.1/org.springframework.boot/spring-boot-transaction/4.0.1/10c8fa4e1f4588382bc1775aeeac5e6b3dfd26e/spring-boot-transaction-4.0.1.jar:/home/kang/.gradle/caches/modules-2/files-2.1/org.springframework.boot/spring-boot-data-commons/4.0.1/f4e33e91371942dd41424d734fe1927fa0d66af/spring-boot-data-commons-4.0.1.jar:/home/kang/.gradle/caches/modules-2/files-2.1/org.springframework.boot/spring-boot-tomcat/4.0.1/4e89e61bfb085a95d1541f1f9ca2d705f31b6197/spring-boot-tomcat-4.0.1.jar:/home/kang/.gradle/caches/modules-2/files-2.1/org.springframework.boot/spring-boot-web-server/4.0.1/659ce5f51c2bb7161db2811150a555a121dabd68/spring-boot-web-server-4.0.1.jar:/home/kang/.gradle/caches/modules-2/files-2.1/org.springframework.boot/spring-boot-persistence/4.0.1/2fd127ec9968820eb89da0111564f74199052015/spring-boot-persistence-4.0.1.jar:/home/kang/.gradle/caches/modules-2/files-2.1/org.springframework.boot/spring-boot/4.0.1/2c20ae598c14dd78d3098aafc8a799afbdf8e69a/spring-boot-4.0.1.jar:/home/kang/.gradle/caches/modules-2/files-2.1/com.zaxxer/HikariCP/7.0.2/c2b43c946b86a14a96342379e22b004c56c6166d/HikariCP-7.0.2.jar:/home/kang/.gradle/caches/modules-2/files-2.1/org.springframework/spring-webmvc/7.0.2/ed0b3b7724e8cb4b47976eda5e862b3dd1ed871b/spring-webmvc-7.0.2.jar:/home/kang/.gradle/caches/modules-2/files-2.1/org.springframework.data/spring-data-jpa/4.0.1/692ba2d74dbd9d3ccd890c2e06aa7991b3869dd0/spring-data-jpa-4.0.1.jar:/home/kang/.gradle/caches/modules-2/files-2.1/org.springframework.security/spring-security-config/7.0.2/d15ffd7762c07248e43ee153e27362e89ff8c6b4/spring-security-config-7.0.2.jar:/home/kang/.gradle/caches/modules-2/files-2.1/org.springframework.security/spring-security-web/7.0.2/8d55b2164a866d932031b77ce21fed35a4a3bfe0/spring-security-web-7.0.2.jar:/home/kang/.gradle/caches/modules-2/files-2.1/org.springframework.security/spring-security-core/7.0.2/40317c3763917b061b912bd381bf8016e38eebde/spring-security-core-7.0.2.jar:/home/kang/.gradle/caches/modules-2/files-2.1/org.springframework/spring-context/7.0.2/531fbbabf0d9ff80bc506121acfd29dcb1531bf9/spring-context-7.0.2.jar:/home/kang/.gradle/caches/modules-2/files-2.1/org.springframework/spring-aop/7.0.2/25b824571d184e9d47606a62dd787bcf7c55e88e/spring-aop-7.0.2.jar:/home/kang/.gradle/caches/modules-2/files-2.1/io.github.cdimascio/dotenv-java/3.2.0/89d08b3014567fd589cbbe00a3fadf83810f32dc/dotenv-java-3.2.0.jar:/home/kang/.gradle/caches/modules-2/files-2.1/org.checkerframework/checker-qual/3.49.5/f0d119b5a4adb4164e9d6fa9fd3ffa5d0e458963/checker-qual-3.49.5.jar:/home/kang/.gradle/caches/modules-2/files-2.1/org.springframework/spring-web/7.0.2/fc1f3eec8e102b896b06c0082bf4d08486e091d3/spring-web-7.0.2.jar:/home/kang/.gradle/caches/modules-2/files-2.1/org.springframework/spring-orm/7.0.2/956faed8cab80d5d425fc140c4dd38b74e78e67e/spring-orm-7.0.2.jar:/home/kang/.gradle/caches/modules-2/files-2.1/org.springframework/spring-jdbc/7.0.2/a885a68fc3b6835bad22986e0621ed038b838833/spring-jdbc-7.0.2.jar:/home/kang/.gradle/caches/modules-2/files-2.1/org.springframework/spring-tx/7.0.2/4fd7a9ae8a0c4490c66c7030024d2ec715e2f63e/spring-tx-7.0.2.jar:/home/kang/.gradle/caches/modules-2/files-2.1/org.springframework.data/spring-data-commons/4.0.1/a1fc93b66fb617c1232f6e8b685ebea4c403611/spring-data-commons-4.0.1.jar:/home/kang/.gradle/caches/modules-2/files-2.1/org.springframework/spring-beans/7.0.2/224739ac1b1bd96e866fb436cbcc46a7457a64a2/spring-beans-7.0.2.jar:/home/kang/.gradle/caches/modules-2/files-2.1/org.springframework/spring-expression/7.0.2/692338c5c7eaeeeba4f0919b54216c1bf9fbee04/spring-expression-7.0.2.jar:/home/kang/.gradle/caches/modules-2/files-2.1/org.springframework/spring-core/7.0.2/92b5608685a6212fe2ce3565bc1bf660505560c7/spring-core-7.0.2.jar:/home/kang/.gradle/caches/modules-2/files-2.1/jakarta.annotation/jakarta.annotation-api/3.0.0/54f928fadec906a99d558536756d171917b9d936/jakarta.annotation-api-3.0.0.jar:/home/kang/.gradle/caches/modules-2/files-2.1/org.yaml/snakeyaml/2.5/2d53ddec134280cb384c1e35d094e5f71c1f2316/snakeyaml-2.5.jar:/home/kang/.gradle/caches/modules-2/files-2.1/ch.qos.logback/logback-classic/1.5.22/b5212de704deea1a38a41a2bf8de274e7c9cd653/logback-classic-1.5.22.jar:/home/kang/.gradle/caches/modules-2/files-2.1/org.apache.logging.log4j/log4j-to-slf4j/2.25.3/30adfb40cca243ec88cf7ec1fddb411ab55faa4f/log4j-to-slf4j-2.25.3.jar:/home/kang/.gradle/caches/modules-2/files-2.1/org.slf4j/jul-to-slf4j/2.0.17/524cb6ccc2b68a57604750e1ab8b13b5a786a6aa/jul-to-slf4j-2.0.17.jar:/home/kang/.gradle/caches/modules-2/files-2.1/org.slf4j/slf4j-api/2.0.17/d9e58ac9c7779ba3bf8142aff6c830617a7fe60f/slf4j-api-2.0.17.jar:/home/kang/.gradle/caches/modules-2/files-2.1/org.springframework/spring-aspects/7.0.2/a137a7f1919da8e26b16a94063897f2900e21384/spring-aspects-7.0.2.jar:/home/kang/.gradle/caches/modules-2/files-2.1/org.apache.tomcat.embed/tomcat-embed-el/11.0.15/f20bc5f17baa18abeca76a640ad774d6f80a265b/tomcat-embed-el-11.0.15.jar:/home/kang/.gradle/caches/modules-2/files-2.1/org.hibernate.validator/hibernate-validator/9.0.1.Final/28c0e41ecc84d1f0b8b6d81d16e0784e63364e68/hibernate-validator-9.0.1.Final.jar:/home/kang/.gradle/caches/modules-2/files-2.1/commons-logging/commons-logging/1.3.5/a3fcc5d3c29b2b03433aa2d2f2d2c1b1638924a1/commons-logging-1.3.5.jar:/home/kang/.gradle/caches/modules-2/files-2.1/io.micrometer/micrometer-observation/1.16.1/659a6aa16a5e541de071ef7ba6cb7ef35d59ce2a/micrometer-observation-1.16.1.jar:/home/kang/.gradle/caches/modules-2/files-2.1/io.micrometer/micrometer-commons/1.16.1/1b14b7052dd88e35625b3f5505f9bb8a9b0fedb8/micrometer-commons-1.16.1.jar:/home/kang/.gradle/caches/modules-2/files-2.1/org.jspecify/jspecify/1.0.0/7425a601c1c7ec76645a78d22b8c6a627edee507/jspecify-1.0.0.jar:/home/kang/.gradle/caches/modules-2/files-2.1/tools.jackson.core/jackson-core/3.0.3/d208ec73d6a17667a0462cfc3237076a087bc936/jackson-core-3.0.3.jar:/home/kang/.gradle/caches/modules-2/files-2.1/tools.jackson.core/jackson-databind/3.0.3/c024f05711e311341d4338cbb7905696e20921f8/jackson-databind-3.0.3.jar:/home/kang/.gradle/caches/modules-2/files-2.1/org.apache.tomcat.embed/tomcat-embed-websocket/11.0.15/4c0eced7d97fe8404c722d5ff02757a05a6d5033/tomcat-embed-websocket-11.0.15.jar:/home/kang/.gradle/caches/modules-2/files-2.1/org.apache.tomcat.embed/tomcat-embed-core/11.0.15/aa20506537e3efa61afd6b57d79f9da6a55f37ae/tomcat-embed-core-11.0.15.jar:/home/kang/.gradle/caches/modules-2/files-2.1/org.hibernate.orm/hibernate-core/7.2.0.Final/841888e241221ad5748f317b6ff12b78ba98fc5/hibernate-core-7.2.0.Final.jar:/home/kang/.gradle/caches/modules-2/files-2.1/org.antlr/antlr4-runtime/4.13.2/fc3db6d844df652a3d5db31c87fa12757f13691d/antlr4-runtime-4.13.2.jar:/home/kang/.gradle/caches/modules-2/files-2.1/org.aspectj/aspectjweaver/1.9.25.1/a713c790da4d794c7dfb542b550d4e44898d5e23/aspectjweaver-1.9.25.1.jar:/home/kang/.gradle/caches/modules-2/files-2.1/jakarta.validation/jakarta.validation-api/3.1.1/ec8622148afc5564235d17af80ea80288d0e7f92/jakarta.validation-api-3.1.1.jar:/home/kang/.gradle/caches/modules-2/files-2.1/org.hibernate.models/hibernate-models/1.0.1/3158c5f9309494b905de62c72f6f02d108aea651/hibernate-models-1.0.1.jar:/home/kang/.gradle/caches/modules-2/files-2.1/org.jboss.logging/jboss-logging/3.6.1.Final/886afbb445b4016a37c8960a7aef6ebd769ce7e5/jboss-logging-3.6.1.Final.jar:/home/kang/.gradle/caches/modules-2/files-2.1/com.fasterxml/classmate/1.7.1/e803194e4362a2c0585087c5f315682897d12f00/classmate-1.7.1.jar:/home/kang/.gradle/caches/modules-2/files-2.1/ch.qos.logback/logback-core/1.5.22/7c3ee4420b36bd499fa4f9f18a81d54a64fe0218/logback-core-1.5.22.jar:/home/kang/.gradle/caches/modules-2/files-2.1/org.apache.logging.log4j/log4j-api/2.25.3/fb385330d89c2d61058ef649403f214633569205/log4j-api-2.25.3.jar:/home/kang/.gradle/caches/modules-2/files-2.1/com.fasterxml.jackson.core/jackson-annotations/2.20/6a5e7291ea3f2b590a7ce400adb7b3aea4d7e12c/jackson-annotations-2.20.jar:/home/kang/.gradle/caches/modules-2/files-2.1/jakarta.persistence/jakarta.persistence-api/3.2.0/bb75a113f3fa191c2c7ee7b206d8e674251b3129/jakarta.persistence-api-3.2.0.jar:/home/kang/.gradle/caches/modules-2/files-2.1/jakarta.transaction/jakarta.transaction-api/2.0.1/51a520e3fae406abb84e2e1148e6746ce3f80a1a/jakarta.transaction-api-2.0.1.jar:/home/kang/.gradle/caches/modules-2/files-2.1/net.bytebuddy/byte-buddy/1.17.8/af5735f63d00ca47a9375fae5c7471a36331c6ed/byte-buddy-1.17.8.jar:/home/kang/.gradle/caches/modules-2/files-2.1/org.glassfish.jaxb/jaxb-runtime/4.0.6/fb95ebb62564657b2fedfe165b859789ef3a8711/jaxb-runtime-4.0.6.jar:/home/kang/.gradle/caches/modules-2/files-2.1/org.glassfish.jaxb/jaxb-core/4.0.6/8e61282303777fc98a00cc3affd0560d68748a75/jaxb-core-4.0.6.jar:/home/kang/.gradle/caches/modules-2/files-2.1/jakarta.xml.bind/jakarta.xml.bind-api/4.0.4/d6d2327f3817d9a33a3b6b8f2e15a96bc2e7afdc/jakarta.xml.bind-api-4.0.4.jar:/home/kang/.gradle/caches/modules-2/files-2.1/jakarta.inject/jakarta.inject-api/2.0.1/4c28afe1991a941d7702fe1362c365f0a8641d1e/jakarta.inject-api-2.0.1.jar:/home/kang/.gradle/caches/modules-2/files-2.1/org.springframework.security/spring-security-crypto/7.0.2/8cec3433f111e21d6349a9788a1efcf547b8db03/spring-security-crypto-7.0.2.jar:/home/kang/.gradle/caches/modules-2/files-2.1/org.eclipse.angus/angus-activation/2.0.3/7f80607ea5014fef0b1779e6c33d63a88a45a563/angus-activation-2.0.3.jar:/home/kang/.gradle/caches/modules-2/files-2.1/jakarta.activation/jakarta.activation-api/2.1.4/9e5c2a0d75dde71a0bedc4dbdbe47b78a5dc50f8/jakarta.activation-api-2.1.4.jar:/home/kang/.gradle/caches/modules-2/files-2.1/org.glassfish.jaxb/txw2/4.0.6/4f4cd53b5ff9a2c5aa1211f15ed2569c57dfb044/txw2-4.0.6.jar:/home/kang/.gradle/caches/modules-2/files-2.1/com.sun.istack/istack-commons-runtime/4.1.2/18ec117c85f3ba0ac65409136afa8e42bc74e739/istack-commons-runtime-4.1.2.jar com.new_cafe.app.backend.BackendApplication
Successfully started process 'command '/usr/lib/jvm/java-21-openjdk-amd64/bin/java''

  .   ____          _            __ _ _
 /\\ / ___'_ __ _ _(_)_ __  __ _ \ \ \ \
( ( )\___ | '_ | '_| | '_ \/ _` | \ \ \ \
 \\/  ___)| |_)| | | | | || (_| |  ) ) ) )
  '  |____| .__|_| |_|_| |_\__, | / / / /
 =========|_|==============|___/=/_/_/_/

 :: Spring Boot ::                (v4.0.1)

2026-03-05T17:51:10.928+09:00  INFO 172446 --- [backend] [  restartedMain] c.n.app.backend.BackendApplication       : Starting BackendApplication using Java 21.0.10 with PID 172446 (/home/kang/workspace/ncafeproject/backend/build/classes/java/main started by kang in /home/kang/workspace/ncafeproject/backend)
2026-03-05T17:51:10.944+09:00  INFO 172446 --- [backend] [  restartedMain] c.n.app.backend.BackendApplication       : No active profile set, falling back to 1 default profile: "default"
2026-03-05T17:51:11.101+09:00  INFO 172446 --- [backend] [  restartedMain] .e.DevToolsPropertyDefaultsPostProcessor : Devtools property defaults active! Set 'spring.devtools.add-properties' to 'false' to disable
2026-03-05T17:51:11.103+09:00  INFO 172446 --- [backend] [  restartedMain] .e.DevToolsPropertyDefaultsPostProcessor : For additional web related logging consider setting the 'logging.level.web' property to 'DEBUG'
2026-03-05T17:51:12.512+09:00  INFO 172446 --- [backend] [  restartedMain] .s.d.r.c.RepositoryConfigurationDelegate : Bootstrapping Spring Data JPA repositories in DEFAULT mode.
2026-03-05T17:51:12.633+09:00  INFO 172446 --- [backend] [  restartedMain] .s.d.r.c.RepositoryConfigurationDelegate : Finished Spring Data repository scanning in 103 ms. Found 3 JPA repository interfaces.
2026-03-05T17:51:13.733+09:00  INFO 172446 --- [backend] [  restartedMain] o.s.boot.tomcat.TomcatWebServer          : Tomcat initialized with port 8036 (http)
2026-03-05T17:51:13.759+09:00  INFO 172446 --- [backend] [  restartedMain] o.apache.catalina.core.StandardService   : Starting service [Tomcat]
2026-03-05T17:51:13.760+09:00  INFO 172446 --- [backend] [  restartedMain] o.apache.catalina.core.StandardEngine    : Starting Servlet engine: [Apache Tomcat/11.0.15]
2026-03-05T17:51:13.814+09:00  INFO 172446 --- [backend] [  restartedMain] b.w.c.s.WebApplicationContextInitializer : Root WebApplicationContext: initialization completed in 2709 ms
2026-03-05T17:51:14.107+09:00  INFO 172446 --- [backend] [  restartedMain] com.zaxxer.hikari.HikariDataSource       : HikariPool-1 - Starting...
2026-03-05T17:51:15.391+09:00  INFO 172446 --- [backend] [  restartedMain] org.hibernate.orm.jpa                    : HHH008540: Processing PersistenceUnitInfo [name: default]
2026-03-05T17:51:15.554+09:00  INFO 172446 --- [backend] [  restartedMain] org.hibernate.orm.core                   : HHH000001: Hibernate ORM core version 7.2.0.Final
2026-03-05T17:51:16.698+09:00  INFO 172446 --- [backend] [  restartedMain] o.s.o.j.p.SpringPersistenceUnitInfo      : No LoadTimeWeaver setup: ignoring JPA class transformer
2026-03-05T17:51:16.798+09:00  INFO 172446 --- [backend] [  restartedMain] com.zaxxer.hikari.HikariDataSource       : HikariPool-1 - Starting...
2026-03-05T17:51:17.848+09:00  WARN 172446 --- [backend] [  restartedMain] org.hibernate.orm.jdbc.error             : HHH000247: ErrorCode: 0, SQLState: 28P01
2026-03-05T17:51:17.849+09:00  WARN 172446 --- [backend] [  restartedMain] org.hibernate.orm.jdbc.error             : FATAL: password authentication failed for user "kang"
2026-03-05T17:51:17.851+09:00  WARN 172446 --- [backend] [  restartedMain] org.hibernate.orm.jdbc                   : HHH100046: Could not obtain connection to query JDBC database metadata

org.hibernate.exception.AuthException: Unable to obtain isolated JDBC connection [FATAL: password authentication failed for user "kang"] [n/a]
	at org.hibernate.exception.internal.SQLStateConversionDelegate.convert(SQLStateConversionDelegate.java:87) ~[hibernate-core-7.2.0.Final.jar:7.2.0.Final]
	at org.hibernate.exception.internal.StandardSQLExceptionConverter.convert(StandardSQLExceptionConverter.java:34) ~[hibernate-core-7.2.0.Final.jar:7.2.0.Final]
	at org.hibernate.engine.jdbc.spi.SqlExceptionHelper.convert(SqlExceptionHelper.java:115) ~[hibernate-core-7.2.0.Final.jar:7.2.0.Final]
	at org.hibernate.engine.jdbc.spi.SqlExceptionHelper.convert(SqlExceptionHelper.java:101) ~[hibernate-core-7.2.0.Final.jar:7.2.0.Final]
	at org.hibernate.resource.transaction.backend.jdbc.internal.JdbcIsolationDelegate.delegateWork(JdbcIsolationDelegate.java:51) ~[hibernate-core-7.2.0.Final.jar:7.2.0.Final]
	at org.hibernate.engine.jdbc.env.internal.JdbcEnvironmentInitiator.getJdbcEnvironmentUsingJdbcMetadata(JdbcEnvironmentInitiator.java:366) ~[hibernate-core-7.2.0.Final.jar:7.2.0.Final]
	at org.hibernate.engine.jdbc.env.internal.JdbcEnvironmentInitiator.getJdbcEnvironment(JdbcEnvironmentInitiator.java:143) ~[hibernate-core-7.2.0.Final.jar:7.2.0.Final]
	at org.hibernate.engine.jdbc.env.internal.JdbcEnvironmentInitiator.initiateService(JdbcEnvironmentInitiator.java:120) ~[hibernate-core-7.2.0.Final.jar:7.2.0.Final]
	at org.hibernate.engine.jdbc.env.internal.JdbcEnvironmentInitiator.initiateService(JdbcEnvironmentInitiator.java:80) ~[hibernate-core-7.2.0.Final.jar:7.2.0.Final]
	at org.hibernate.boot.registry.internal.StandardServiceRegistryImpl.initiateService(StandardServiceRegistryImpl.java:133) ~[hibernate-core-7.2.0.Final.jar:7.2.0.Final]
	at org.hibernate.service.internal.AbstractServiceRegistryImpl.createService(AbstractServiceRegistryImpl.java:260) ~[hibernate-core-7.2.0.Final.jar:7.2.0.Final]
	at org.hibernate.service.internal.AbstractServiceRegistryImpl.initializeService(AbstractServiceRegistryImpl.java:235) ~[hibernate-core-7.2.0.Final.jar:7.2.0.Final]
	at org.hibernate.service.internal.AbstractServiceRegistryImpl.getService(AbstractServiceRegistryImpl.java:212) ~[hibernate-core-7.2.0.Final.jar:7.2.0.Final]
	at org.hibernate.boot.model.relational.Database.<init>(Database.java:44) ~[hibernate-core-7.2.0.Final.jar:7.2.0.Final]
	at org.hibernate.boot.internal.InFlightMetadataCollectorImpl.getDatabase(InFlightMetadataCollectorImpl.java:251) ~[hibernate-core-7.2.0.Final.jar:7.2.0.Final]
	at org.hibernate.boot.internal.InFlightMetadataCollectorImpl.<init>(InFlightMetadataCollectorImpl.java:203) ~[hibernate-core-7.2.0.Final.jar:7.2.0.Final]
	at org.hibernate.boot.model.process.spi.MetadataBuildingProcess.complete(MetadataBuildingProcess.java:170) ~[hibernate-core-7.2.0.Final.jar:7.2.0.Final]
	at org.hibernate.jpa.boot.internal.EntityManagerFactoryBuilderImpl.metadata(EntityManagerFactoryBuilderImpl.java:1392) ~[hibernate-core-7.2.0.Final.jar:7.2.0.Final]
	at org.hibernate.jpa.boot.internal.EntityManagerFactoryBuilderImpl.populateSessionFactoryBuilder(EntityManagerFactoryBuilderImpl.java:1472) ~[hibernate-core-7.2.0.Final.jar:7.2.0.Final]
	at org.hibernate.jpa.boot.internal.EntityManagerFactoryBuilderImpl.build(EntityManagerFactoryBuilderImpl.java:1454) ~[hibernate-core-7.2.0.Final.jar:7.2.0.Final]
	at org.springframework.orm.jpa.vendor.SpringHibernateJpaPersistenceProvider.createContainerEntityManagerFactory(SpringHibernateJpaPersistenceProvider.java:66) ~[spring-orm-7.0.2.jar:7.0.2]
	at org.springframework.orm.jpa.LocalContainerEntityManagerFactoryBean.createNativeEntityManagerFactory(LocalContainerEntityManagerFactoryBean.java:433) ~[spring-orm-7.0.2.jar:7.0.2]
	at org.springframework.orm.jpa.AbstractEntityManagerFactoryBean.buildNativeEntityManagerFactory(AbstractEntityManagerFactoryBean.java:416) ~[spring-orm-7.0.2.jar:7.0.2]
	at org.springframework.orm.jpa.AbstractEntityManagerFactoryBean.afterPropertiesSet(AbstractEntityManagerFactoryBean.java:396) ~[spring-orm-7.0.2.jar:7.0.2]
	at org.springframework.orm.jpa.LocalContainerEntityManagerFactoryBean.afterPropertiesSet(LocalContainerEntityManagerFactoryBean.java:409) ~[spring-orm-7.0.2.jar:7.0.2]
	at org.springframework.beans.factory.support.AbstractAutowireCapableBeanFactory.invokeInitMethods(AbstractAutowireCapableBeanFactory.java:1864) ~[spring-beans-7.0.2.jar:7.0.2]
	at org.springframework.beans.factory.support.AbstractAutowireCapableBeanFactory.initializeBean(AbstractAutowireCapableBeanFactory.java:1813) ~[spring-beans-7.0.2.jar:7.0.2]
	at org.springframework.beans.factory.support.AbstractAutowireCapableBeanFactory.doCreateBean(AbstractAutowireCapableBeanFactory.java:603) ~[spring-beans-7.0.2.jar:7.0.2]
	at org.springframework.beans.factory.support.AbstractAutowireCapableBeanFactory.createBean(AbstractAutowireCapableBeanFactory.java:525) ~[spring-beans-7.0.2.jar:7.0.2]
	at org.springframework.beans.factory.support.AbstractBeanFactory.lambda$doGetBean$0(AbstractBeanFactory.java:333) ~[spring-beans-7.0.2.jar:7.0.2]
	at org.springframework.beans.factory.support.DefaultSingletonBeanRegistry.getSingleton(DefaultSingletonBeanRegistry.java:371) ~[spring-beans-7.0.2.jar:7.0.2]
	at org.springframework.beans.factory.support.AbstractBeanFactory.doGetBean(AbstractBeanFactory.java:331) ~[spring-beans-7.0.2.jar:7.0.2]
	at org.springframework.beans.factory.support.AbstractBeanFactory.getBean(AbstractBeanFactory.java:201) ~[spring-beans-7.0.2.jar:7.0.2]
	at org.springframework.context.support.AbstractApplicationContext.finishBeanFactoryInitialization(AbstractApplicationContext.java:976) ~[spring-context-7.0.2.jar:7.0.2]
	at org.springframework.context.support.AbstractApplicationContext.refresh(AbstractApplicationContext.java:620) ~[spring-context-7.0.2.jar:7.0.2]
	at org.springframework.boot.web.server.servlet.context.ServletWebServerApplicationContext.refresh(ServletWebServerApplicationContext.java:143) ~[spring-boot-web-server-4.0.1.jar:4.0.1]
	at org.springframework.boot.SpringApplication.refresh(SpringApplication.java:756) ~[spring-boot-4.0.1.jar:4.0.1]
	at org.springframework.boot.SpringApplication.refreshContext(SpringApplication.java:445) ~[spring-boot-4.0.1.jar:4.0.1]
	at org.springframework.boot.SpringApplication.run(SpringApplication.java:321) ~[spring-boot-4.0.1.jar:4.0.1]
	at org.springframework.boot.SpringApplication.run(SpringApplication.java:1365) ~[spring-boot-4.0.1.jar:4.0.1]
	at org.springframework.boot.SpringApplication.run(SpringApplication.java:1354) ~[spring-boot-4.0.1.jar:4.0.1]
	at com.new_cafe.app.backend.BackendApplication.main(BackendApplication.java:10) ~[main/:na]
	at java.base/jdk.internal.reflect.DirectMethodHandleAccessor.invoke(DirectMethodHandleAccessor.java:103) ~[na:na]
	at java.base/java.lang.reflect.Method.invoke(Method.java:580) ~[na:na]
	at org.springframework.boot.devtools.restart.RestartLauncher.run(RestartLauncher.java:52) ~[spring-boot-devtools-4.0.1.jar:4.0.1]
Caused by: org.postgresql.util.PSQLException: FATAL: password authentication failed for user "kang"
	at org.postgresql.core.v3.ConnectionFactoryImpl.doAuthentication(ConnectionFactoryImpl.java:778) ~[postgresql-42.7.8.jar:42.7.8]
	at org.postgresql.core.v3.ConnectionFactoryImpl.tryConnect(ConnectionFactoryImpl.java:234) ~[postgresql-42.7.8.jar:42.7.8]
	at org.postgresql.core.v3.ConnectionFactoryImpl.openConnectionImpl(ConnectionFactoryImpl.java:289) ~[postgresql-42.7.8.jar:42.7.8]
	at org.postgresql.core.ConnectionFactory.openConnection(ConnectionFactory.java:57) ~[postgresql-42.7.8.jar:42.7.8]
	at org.postgresql.jdbc.PgConnection.<init>(PgConnection.java:279) ~[postgresql-42.7.8.jar:42.7.8]
	at org.postgresql.Driver.makeConnection(Driver.java:448) ~[postgresql-42.7.8.jar:42.7.8]
	at org.postgresql.Driver.connect(Driver.java:298) ~[postgresql-42.7.8.jar:42.7.8]
	at com.zaxxer.hikari.util.DriverDataSource.getConnection(DriverDataSource.java:144) ~[HikariCP-7.0.2.jar:na]
	at com.zaxxer.hikari.pool.PoolBase.newConnection(PoolBase.java:373) ~[HikariCP-7.0.2.jar:na]
	at com.zaxxer.hikari.pool.PoolBase.newPoolEntry(PoolBase.java:210) ~[HikariCP-7.0.2.jar:na]
	at com.zaxxer.hikari.pool.HikariPool.createPoolEntry(HikariPool.java:488) ~[HikariCP-7.0.2.jar:na]
	at com.zaxxer.hikari.pool.HikariPool.checkFailFast(HikariPool.java:576) ~[HikariCP-7.0.2.jar:na]
	at com.zaxxer.hikari.pool.HikariPool.<init>(HikariPool.java:97) ~[HikariCP-7.0.2.jar:na]
	at com.zaxxer.hikari.HikariDataSource.getConnection(HikariDataSource.java:111) ~[HikariCP-7.0.2.jar:na]
	at org.hibernate.engine.jdbc.connections.internal.DataSourceConnectionProvider.getConnection(DataSourceConnectionProvider.java:137) ~[hibernate-core-7.2.0.Final.jar:7.2.0.Final]
	at org.hibernate.engine.jdbc.env.internal.JdbcEnvironmentInitiator$ConnectionProviderJdbcConnectionAccess.obtainConnection(JdbcEnvironmentInitiator.java:508) ~[hibernate-core-7.2.0.Final.jar:7.2.0.Final]
	at org.hibernate.resource.transaction.backend.jdbc.internal.JdbcIsolationDelegate.delegateWork(JdbcIsolationDelegate.java:48) ~[hibernate-core-7.2.0.Final.jar:7.2.0.Final]
	... 40 common frames omitted

2026-03-05T17:51:17.946+09:00  WARN 172446 --- [backend] [  restartedMain] org.hibernate.orm.deprecation            : HHH90000025: PostgreSQLDialect does not need to be specified explicitly using 'hibernate.dialect' (remove the property setting and it will be selected by default)
2026-03-05T17:51:17.985+09:00  INFO 172446 --- [backend] [  restartedMain] org.hibernate.orm.connections.pooling    : HHH10001005: Database info:
	Database JDBC URL [undefined/unknown]
	Database driver: undefined/unknown
	Database dialect: PostgreSQLDialect
	Database version: 13.0
	Default catalog/schema: unknown/unknown
	Autocommit mode: undefined/unknown
	Isolation level: NONE [default NONE]
	JDBC fetch size: undefined/unknown
	Pool: DataSourceConnectionProvider
	Minimum pool size: undefined/unknown
	Maximum pool size: undefined/unknown
2026-03-05T17:51:20.950+09:00  INFO 172446 --- [backend] [  restartedMain] org.hibernate.orm.core                   : HHH000489: No JTA platform available (set 'hibernate.transaction.jta.platform' to enable JTA platform integration)
2026-03-05T17:51:20.964+09:00  INFO 172446 --- [backend] [  restartedMain] j.LocalContainerEntityManagerFactoryBean : Initialized JPA EntityManagerFactory for persistence unit 'default'
2026-03-05T17:51:21.114+09:00  INFO 172446 --- [backend] [  restartedMain] o.s.d.j.r.query.QueryEnhancerFactories   : Hibernate is in classpath; If applicable, HQL parser will be used.
2026-03-05T17:51:22.518+09:00  WARN 172446 --- [backend] [  restartedMain] ConfigServletWebServerApplicationContext : Exception encountered during context initialization - cancelling refresh attempt: org.springframework.beans.factory.BeanCreationException: Error creating bean with name 'dataInitializer': Injection of autowired dependencies failed
2026-03-05T17:51:22.519+09:00  INFO 172446 --- [backend] [  restartedMain] j.LocalContainerEntityManagerFactoryBean : Closing JPA EntityManagerFactory for persistence unit 'default'
2026-03-05T17:51:22.531+09:00  INFO 172446 --- [backend] [  restartedMain] o.apache.catalina.core.StandardService   : Stopping service [Tomcat]
2026-03-05T17:51:22.546+09:00  INFO 172446 --- [backend] [  restartedMain] .s.b.a.l.ConditionEvaluationReportLogger : 

Error starting ApplicationContext. To display the condition evaluation report re-run your application with 'debug' enabled.
2026-03-05T17:51:22.576+09:00 ERROR 172446 --- [backend] [  restartedMain] o.s.boot.SpringApplication               : Application run failed

org.springframework.beans.factory.BeanCreationException: Error creating bean with name 'dataInitializer': Injection of autowired dependencies failed
	at org.springframework.beans.factory.annotation.AutowiredAnnotationBeanPostProcessor.postProcessProperties(AutowiredAnnotationBeanPostProcessor.java:498) ~[spring-beans-7.0.2.jar:7.0.2]
	at org.springframework.beans.factory.support.AbstractAutowireCapableBeanFactory.populateBean(AbstractAutowireCapableBeanFactory.java:1446) ~[spring-beans-7.0.2.jar:7.0.2]
	at org.springframework.beans.factory.support.AbstractAutowireCapableBeanFactory.doCreateBean(AbstractAutowireCapableBeanFactory.java:602) ~[spring-beans-7.0.2.jar:7.0.2]
	at org.springframework.beans.factory.support.AbstractAutowireCapableBeanFactory.createBean(AbstractAutowireCapableBeanFactory.java:525) ~[spring-beans-7.0.2.jar:7.0.2]
	at org.springframework.beans.factory.support.AbstractBeanFactory.lambda$doGetBean$0(AbstractBeanFactory.java:333) ~[spring-beans-7.0.2.jar:7.0.2]
	at org.springframework.beans.factory.support.DefaultSingletonBeanRegistry.getSingleton(DefaultSingletonBeanRegistry.java:371) ~[spring-beans-7.0.2.jar:7.0.2]
	at org.springframework.beans.factory.support.AbstractBeanFactory.doGetBean(AbstractBeanFactory.java:331) ~[spring-beans-7.0.2.jar:7.0.2]
	at org.springframework.beans.factory.support.AbstractBeanFactory.getBean(AbstractBeanFactory.java:196) ~[spring-beans-7.0.2.jar:7.0.2]
	at org.springframework.beans.factory.support.DefaultListableBeanFactory.instantiateSingleton(DefaultListableBeanFactory.java:1218) ~[spring-beans-7.0.2.jar:7.0.2]
	at org.springframework.beans.factory.support.DefaultListableBeanFactory.preInstantiateSingleton(DefaultListableBeanFactory.java:1184) ~[spring-beans-7.0.2.jar:7.0.2]
	at org.springframework.beans.factory.support.DefaultListableBeanFactory.preInstantiateSingletons(DefaultListableBeanFactory.java:1121) ~[spring-beans-7.0.2.jar:7.0.2]
	at org.springframework.context.support.AbstractApplicationContext.finishBeanFactoryInitialization(AbstractApplicationContext.java:993) ~[spring-context-7.0.2.jar:7.0.2]
	at org.springframework.context.support.AbstractApplicationContext.refresh(AbstractApplicationContext.java:620) ~[spring-context-7.0.2.jar:7.0.2]
	at org.springframework.boot.web.server.servlet.context.ServletWebServerApplicationContext.refresh(ServletWebServerApplicationContext.java:143) ~[spring-boot-web-server-4.0.1.jar:4.0.1]
	at org.springframework.boot.SpringApplication.refresh(SpringApplication.java:756) ~[spring-boot-4.0.1.jar:4.0.1]
	at org.springframework.boot.SpringApplication.refreshContext(SpringApplication.java:445) ~[spring-boot-4.0.1.jar:4.0.1]
	at org.springframework.boot.SpringApplication.run(SpringApplication.java:321) ~[spring-boot-4.0.1.jar:4.0.1]
	at org.springframework.boot.SpringApplication.run(SpringApplication.java:1365) ~[spring-boot-4.0.1.jar:4.0.1]
	at org.springframework.boot.SpringApplication.run(SpringApplication.java:1354) ~[spring-boot-4.0.1.jar:4.0.1]
	at com.new_cafe.app.backend.BackendApplication.main(BackendApplication.java:10) ~[main/:na]
	at java.base/jdk.internal.reflect.DirectMethodHandleAccessor.invoke(DirectMethodHandleAccessor.java:103) ~[na:na]
	at java.base/java.lang.reflect.Method.invoke(Method.java:580) ~[na:na]
	at org.springframework.boot.devtools.restart.RestartLauncher.run(RestartLauncher.java:52) ~[spring-boot-devtools-4.0.1.jar:4.0.1]
Caused by: org.springframework.util.PlaceholderResolutionException: Circular placeholder reference 'INITIAL_DATA_PASSWORD' in value "${INITIAL_DATA_PASSWORD:1234}" <-- "${INITIAL_DATA_PASSWORD}"
	at org.springframework.util.PlaceholderResolutionException.withValue(PlaceholderResolutionException.java:81) ~[spring-core-7.0.2.jar:7.0.2]
	at org.springframework.util.PlaceholderParser$ParsedValue.resolve(PlaceholderParser.java:296) ~[spring-core-7.0.2.jar:7.0.2]
	at org.springframework.util.PlaceholderParser.replacePlaceholders(PlaceholderParser.java:129) ~[spring-core-7.0.2.jar:7.0.2]
	at org.springframework.util.PropertyPlaceholderHelper.replacePlaceholders(PropertyPlaceholderHelper.java:96) ~[spring-core-7.0.2.jar:7.0.2]
	at org.springframework.core.env.AbstractPropertyResolver.doResolvePlaceholders(AbstractPropertyResolver.java:286) ~[spring-core-7.0.2.jar:7.0.2]
	at org.springframework.core.env.AbstractPropertyResolver.resolveRequiredPlaceholders(AbstractPropertyResolver.java:257) ~[spring-core-7.0.2.jar:7.0.2]
	at org.springframework.context.support.PropertySourcesPlaceholderConfigurer.lambda$processProperties$0(PropertySourcesPlaceholderConfigurer.java:184) ~[spring-context-7.0.2.jar:7.0.2]
	at org.springframework.beans.factory.support.AbstractBeanFactory.resolveEmbeddedValue(AbstractBeanFactory.java:959) ~[spring-beans-7.0.2.jar:7.0.2]
	at org.springframework.beans.factory.support.DefaultListableBeanFactory.doResolveDependency(DefaultListableBeanFactory.java:1672) ~[spring-beans-7.0.2.jar:7.0.2]
	at org.springframework.beans.factory.support.DefaultListableBeanFactory.resolveDependency(DefaultListableBeanFactory.java:1651) ~[spring-beans-7.0.2.jar:7.0.2]
	at org.springframework.beans.factory.annotation.AutowiredAnnotationBeanPostProcessor$AutowiredFieldElement.resolveFieldValue(AutowiredAnnotationBeanPostProcessor.java:763) ~[spring-beans-7.0.2.jar:7.0.2]
	at org.springframework.beans.factory.annotation.AutowiredAnnotationBeanPostProcessor$AutowiredFieldElement.inject(AutowiredAnnotationBeanPostProcessor.java:747) ~[spring-beans-7.0.2.jar:7.0.2]
	at org.springframework.beans.factory.annotation.InjectionMetadata.inject(InjectionMetadata.java:146) ~[spring-beans-7.0.2.jar:7.0.2]
	at org.springframework.beans.factory.annotation.AutowiredAnnotationBeanPostProcessor.postProcessProperties(AutowiredAnnotationBeanPostProcessor.java:492) ~[spring-beans-7.0.2.jar:7.0.2]
	... 22 common frames omitted


BUILD SUCCESSFUL in 17s
4 actionable tasks: 1 executed, 3 up-to-date
Consider enabling configuration cache to speed up this build: https://docs.gradle.org/9.2.1/userguide/configuration_cache_enabling.html
